
Magic 8.3 revision 413 - Compiled on Wed Jul 12 10:04:40 UTC 2023.
Starting magic under Tcl interpreter
Using the terminal as the console.
Using NULL graphics device.
Processing system .magicrc file
Sourcing design .magicrc for technology sky130A ...
2 Magic internal units = 1 Lambda
Input style sky130(): scaleFactor=2, multiplier=2
The following types are not handled by extraction and will be treated as non-electrical types:
    ubm 
Scaled tech values by 2 / 1 to match internal grid scaling
Loading sky130A Device Generator Menu ...
Using technology "sky130A", version 1.0.493-0-g0fe599b
Warning: Calma reading is not undoable!  I hope that's OK.
Library written using GDS-II Release 3.0
Library name: async_fifo
Reading "sky130_fd_sc_hd__decap_8".
Reading "sky130_ef_sc_hd__decap_12".
Reading "sky130_fd_sc_hd__decap_3".
Reading "sky130_fd_sc_hd__clkbuf_2".
Reading "sky130_fd_sc_hd__fill_1".
Reading "sky130_fd_sc_hd__tapvpwrvgnd_1".
Reading "sky130_fd_sc_hd__decap_4".
Reading "sky130_fd_sc_hd__decap_6".
Reading "sky130_fd_sc_hd__dfxtp_1".
Reading "sky130_fd_sc_hd__clkbuf_1".
Reading "sky130_fd_sc_hd__fill_2".
Reading "sky130_fd_sc_hd__mux2_1".
Reading "sky130_fd_sc_hd__buf_2".
Reading "sky130_fd_sc_hd__and2b_1".
Reading "sky130_fd_sc_hd__nor2_1".
Reading "sky130_fd_sc_hd__o31a_1".
Reading "sky130_fd_sc_hd__nand2_1".
Reading "sky130_fd_sc_hd__or2b_1".
Reading "sky130_fd_sc_hd__a221o_1".
Reading "sky130_fd_sc_hd__a31oi_1".
Reading "sky130_fd_sc_hd__a21oi_1".
Reading "sky130_fd_sc_hd__clkbuf_4".
Reading "sky130_fd_sc_hd__inv_2".
Reading "sky130_fd_sc_hd__buf_1".
Reading "sky130_fd_sc_hd__buf_4".
Reading "sky130_fd_sc_hd__nor2_4".
Reading "sky130_fd_sc_hd__nand3b_4".
Reading "sky130_fd_sc_hd__or2b_4".
Reading "sky130_fd_sc_hd__or2_4".
Reading "sky130_fd_sc_hd__nand2b_4".
Reading "sky130_fd_sc_hd__nand2_4".
Reading "sky130_fd_sc_hd__dfxtp_4".
Reading "sky130_fd_sc_hd__o211a_1".
Reading "sky130_fd_sc_hd__dfxtp_2".
Reading "sky130_fd_sc_hd__or4bb_4".
Reading "sky130_fd_sc_hd__or4b_4".
Reading "sky130_fd_sc_hd__o21bai_1".
Reading "sky130_fd_sc_hd__o21a_1".
Reading "sky130_fd_sc_hd__and3_1".
Reading "sky130_fd_sc_hd__and4b_4".
Reading "sky130_fd_sc_hd__or3b_1".
Reading "sky130_fd_sc_hd__o21ba_1".
Reading "sky130_fd_sc_hd__a31o_1".
Reading "sky130_fd_sc_hd__and2_1".
Reading "sky130_fd_sc_hd__o21ai_1".
Reading "sky130_fd_sc_hd__or2_1".
Reading "sky130_fd_sc_hd__xnor2_1".
Reading "sky130_fd_sc_hd__and3_2".
Reading "sky130_fd_sc_hd__a311oi_1".
Reading "sky130_fd_sc_hd__o21bai_2".
Reading "sky130_fd_sc_hd__a211oi_1".
Reading "sky130_fd_sc_hd__o31a_2".
Reading "sky130_fd_sc_hd__and4_1".
Reading "sky130_fd_sc_hd__nor3_2".
Reading "sky130_fd_sc_hd__o2111ai_4".
Reading "sky130_fd_sc_hd__xnor2_2".
Reading "sky130_fd_sc_hd__a2111o_1".
Reading "sky130_fd_sc_hd__xor2_1".
Reading "sky130_fd_sc_hd__o2111ai_2".
Reading "sky130_fd_sc_hd__nor3_1".
Reading "sky130_fd_sc_hd__buf_8".
Reading "async_fifo".
[INFO]: Loading async_fifo

DRC style is now "drc(full)"
Loading DRC CIF style.
No errors found.
[INFO]: COUNT: 0
[INFO]: Should be divided by 3 or 4
[INFO]: DRC Checking DONE (/openlane/designs/FIFO/runs/RUN_2026.02.28_15.10.26/reports/signoff/drc.rpt)
[INFO]: Saving mag view with DRC errors (/openlane/designs/FIFO/runs/RUN_2026.02.28_15.10.26/results/signoff/async_fifo.drc.mag)
[INFO]: Saved
